<?xml version="1.0" encoding="UTF-8"?>
<testng-results ignored="0" total="4" passed="4" failed="0" skipped="0">
  <reporter-output>
  </reporter-output>
  <suite started-at="2024-05-13T21:18:39 IST" name="Gradle suite" finished-at="2024-05-13T21:18:55 IST" duration-ms="15662">
    <groups>
      <group name="API Tests">
        <method signature="testCase_API_01.testcase_01()[pri:0, instance:qtriptest.APITests.testCase_API_01@534a5a98]" name="testcase_01" class="qtriptest.APITests.testCase_API_01"/>
        <method signature="testCase_API_02.testcase_02()[pri:0, instance:qtriptest.APITests.testCase_API_02@70e9c95d]" name="testcase_02" class="qtriptest.APITests.testCase_API_02"/>
        <method signature="testCase_API_03.testcase_03()[pri:0, instance:qtriptest.APITests.testCase_API_03@4d5650ae]" name="testcase_03" class="qtriptest.APITests.testCase_API_03"/>
        <method signature="testCase_API_04.testcase_04()[pri:0, instance:qtriptest.APITests.testCase_API_04@a38c7fe]" name="testcase_04" class="qtriptest.APITests.testCase_API_04"/>
      </group> <!-- API Tests -->
    </groups>
    <test started-at="2024-05-13T21:18:39 IST" name="Gradle test" finished-at="2024-05-13T21:18:55 IST" duration-ms="15662">
      <class name="qtriptest.APITests.testCase_API_01">
        <test-method signature="testcase_01()[pri:0, instance:qtriptest.APITests.testCase_API_01@534a5a98]" started-at="2024-05-13T21:18:39 IST" name="testcase_01" finished-at="2024-05-13T21:18:47 IST" duration-ms="7557" status="PASS">
          <reporter-output>
          </reporter-output>
        </test-method> <!-- testcase_01 -->
      </class> <!-- qtriptest.APITests.testCase_API_01 -->
      <class name="qtriptest.APITests.testCase_API_02">
        <test-method signature="testcase_02()[pri:0, instance:qtriptest.APITests.testCase_API_02@70e9c95d]" started-at="2024-05-13T21:18:47 IST" name="testcase_02" finished-at="2024-05-13T21:18:49 IST" duration-ms="2081" status="PASS">
          <reporter-output>
          </reporter-output>
        </test-method> <!-- testcase_02 -->
      </class> <!-- qtriptest.APITests.testCase_API_02 -->
      <class name="qtriptest.APITests.testCase_API_03">
        <test-method signature="testcase_03()[pri:0, instance:qtriptest.APITests.testCase_API_03@4d5650ae]" started-at="2024-05-13T21:18:49 IST" name="testcase_03" finished-at="2024-05-13T21:18:52 IST" duration-ms="3649" status="PASS">
          <reporter-output>
          </reporter-output>
        </test-method> <!-- testcase_03 -->
      </class> <!-- qtriptest.APITests.testCase_API_03 -->
      <class name="qtriptest.APITests.testCase_API_04">
        <test-method signature="testcase_04()[pri:0, instance:qtriptest.APITests.testCase_API_04@a38c7fe]" started-at="2024-05-13T21:18:52 IST" name="testcase_04" finished-at="2024-05-13T21:18:55 IST" duration-ms="2262" status="PASS">
          <reporter-output>
          </reporter-output>
        </test-method> <!-- testcase_04 -->
      </class> <!-- qtriptest.APITests.testCase_API_04 -->
    </test> <!-- Gradle test -->
  </suite> <!-- Gradle suite -->
</testng-results>
